This is pdfTeX, Version 3.141592653-2.6-1.40.29 (TeX Live 2026) (preloaded format=pdflatex)
 restricted \write18 enabled.
entering extended mode
(./presentation.tex
LaTeX2e <2025-11-01>
L3 programming layer <2026-03-20>
(/usr/share/texlive/texmf-dist/tex/latex/beamer/beamer.cls
Document Class: beamer 2026/01/22 v3.77 A class for typesetting presentations
(/usr/share/texlive/texmf-dist/tex/latex/beamer/beamerbasemodes.sty
(/usr/share/texlive/texmf-dist/tex/latex/etoolbox/etoolbox.sty)
(/usr/share/texlive/texmf-dist/tex/latex/beamer/beamerbasedecode.sty))
(/usr/share/texlive/texmf-dist/tex/generic/iftex/iftex.sty)
(/usr/share/texlive/texmf-dist/tex/latex/beamer/beamerbaseoptions.sty
(/usr/share/texlive/texmf-dist/tex/latex/graphics/keyval.sty))
(/usr/share/texlive/texmf-dist/tex/latex/geometry/geometry.sty
(/usr/share/texlive/texmf-dist/tex/generic/iftex/ifvtex.sty))
(/usr/share/texlive/texmf-dist/tex/latex/pgf/math/pgfmath.sty
(/usr/share/texlive/texmf-dist/tex/latex/pgf/utilities/pgfrcs.sty
(/usr/share/texlive/texmf-dist/tex/generic/pgf/utilities/pgfutil-common.tex)
(/usr/share/texlive/texmf-dist/tex/generic/pgf/utilities/pgfutil-latex.def)
(/usr/share/texlive/texmf-dist/tex/generic/pgf/utilities/pgfrcs.code.tex
(/usr/share/texlive/texmf-dist/tex/generic/pgf/pgf.revision.tex)))
(/usr/share/texlive/texmf-dist/tex/latex/pgf/utilities/pgfkeys.sty
(/usr/share/texlive/texmf-dist/tex/generic/pgf/utilities/pgfkeys.code.tex
(/usr/share/texlive/texmf-dist/tex/generic/pgf/utilities/pgfkeyslibraryfiltered
.code.tex)))
(/usr/share/texlive/texmf-dist/tex/generic/pgf/math/pgfmath.code.tex
(/usr/share/texlive/texmf-dist/tex/generic/pgf/math/pgfmathutil.code.tex)
(/usr/share/texlive/texmf-dist/tex/generic/pgf/math/pgfmathparser.code.tex)
(/usr/share/texlive/texmf-dist/tex/generic/pgf/math/pgfmathfunctions.code.tex)
(/usr/share/texlive/texmf-dist/tex/generic/pgf/math/pgfmathfunctions.basic.code
.tex)
(/usr/share/texlive/texmf-dist/tex/generic/pgf/math/pgfmathfunctions.trigonomet
ric.code.tex)
(/usr/share/texlive/texmf-dist/tex/generic/pgf/math/pgfmathfunctions.random.cod
e.tex)
(/usr/share/texlive/texmf-dist/tex/generic/pgf/math/pgfmathfunctions.comparison
.code.tex)
(/usr/share/texlive/texmf-dist/tex/generic/pgf/math/pgfmathfunctions.base.code.
tex)
(/usr/share/texlive/texmf-dist/tex/generic/pgf/math/pgfmathfunctions.round.code
.tex)
(/usr/share/texlive/texmf-dist/tex/generic/pgf/math/pgfmathfunctions.misc.code.
tex)
(/usr/share/texlive/texmf-dist/tex/generic/pgf/math/pgfmathfunctions.integerari
thmetics.code.tex)
(/usr/share/texlive/texmf-dist/tex/generic/pgf/math/pgfmathcalc.code.tex)
(/usr/share/texlive/texmf-dist/tex/generic/pgf/math/pgfmathfloat.code.tex)))
(/usr/share/texlive/texmf-dist/tex/latex/base/size11.clo)
(/usr/share/texlive/texmf-dist/tex/latex/pgf/basiclayer/pgfcore.sty
(/usr/share/texlive/texmf-dist/tex/latex/graphics/graphicx.sty
(/usr/share/texlive/texmf-dist/tex/latex/graphics/graphics.sty
(/usr/share/texlive/texmf-dist/tex/latex/graphics/trig.sty)
(/usr/share/texlive/texmf-dist/tex/latex/graphics-cfg/graphics.cfg)
(/usr/share/texlive/texmf-dist/tex/latex/graphics-def/pdftex.def)))
(/usr/share/texlive/texmf-dist/tex/latex/pgf/systemlayer/pgfsys.sty
(/usr/share/texlive/texmf-dist/tex/generic/pgf/systemlayer/pgfsys.code.tex
(/usr/share/texlive/texmf-dist/tex/generic/pgf/systemlayer/pgf.cfg)
(/usr/share/texlive/texmf-dist/tex/generic/pgf/systemlayer/pgfsys-pdftex.def
(/usr/share/texlive/texmf-dist/tex/generic/pgf/systemlayer/pgfsys-common-pdf.de
f)))
(/usr/share/texlive/texmf-dist/tex/generic/pgf/systemlayer/pgfsyssoftpath.code.
tex)
(/usr/share/texlive/texmf-dist/tex/generic/pgf/systemlayer/pgfsysprotocol.code.
tex)) (/usr/share/texlive/texmf-dist/tex/latex/xcolor/xcolor.sty
(/usr/share/texlive/texmf-dist/tex/latex/graphics-cfg/color.cfg)
(/usr/share/texlive/texmf-dist/tex/latex/graphics/mathcolor.ltx))
(/usr/share/texlive/texmf-dist/tex/generic/pgf/basiclayer/pgfcore.code.tex
(/usr/share/texlive/texmf-dist/tex/generic/pgf/math/pgfint.code.tex)
(/usr/share/texlive/texmf-dist/tex/generic/pgf/basiclayer/pgfcorepoints.code.te
x)
(/usr/share/texlive/texmf-dist/tex/generic/pgf/basiclayer/pgfcorepathconstruct.
code.tex)
(/usr/share/texlive/texmf-dist/tex/generic/pgf/basiclayer/pgfcorepathusage.code
.tex)
(/usr/share/texlive/texmf-dist/tex/generic/pgf/basiclayer/pgfcorescopes.code.te
x)
(/usr/share/texlive/texmf-dist/tex/generic/pgf/basiclayer/pgfcoregraphicstate.c
ode.tex)
(/usr/share/texlive/texmf-dist/tex/generic/pgf/basiclayer/pgfcoretransformation
s.code.tex)
(/usr/share/texlive/texmf-dist/tex/generic/pgf/basiclayer/pgfcorequick.code.tex
)
(/usr/share/texlive/texmf-dist/tex/generic/pgf/basiclayer/pgfcoreobjects.code.t
ex)
(/usr/share/texlive/texmf-dist/tex/generic/pgf/basiclayer/pgfcorepathprocessing
.code.tex)
(/usr/share/texlive/texmf-dist/tex/generic/pgf/basiclayer/pgfcorearrows.code.te
x)
(/usr/share/texlive/texmf-dist/tex/generic/pgf/basiclayer/pgfcoreshade.code.tex
)
(/usr/share/texlive/texmf-dist/tex/generic/pgf/basiclayer/pgfcoreimage.code.tex
)
(/usr/share/texlive/texmf-dist/tex/generic/pgf/basiclayer/pgfcoreexternal.code.
tex)
(/usr/share/texlive/texmf-dist/tex/generic/pgf/basiclayer/pgfcorelayers.code.te
x)
(/usr/share/texlive/texmf-dist/tex/generic/pgf/basiclayer/pgfcoretransparency.c
ode.tex)
(/usr/share/texlive/texmf-dist/tex/generic/pgf/basiclayer/pgfcorepatterns.code.
tex)
(/usr/share/texlive/texmf-dist/tex/generic/pgf/basiclayer/pgfcorerdf.code.tex))
) (/usr/share/texlive/texmf-dist/tex/latex/pgf/utilities/xxcolor.sty)
(/usr/share/texlive/texmf-dist/tex/latex/base/atbegshi-ltx.sty)
(/usr/share/texlive/texmf-dist/tex/latex/hyperref/hyperref.sty
(/usr/share/texlive/texmf-dist/tex/latex/kvsetkeys/kvsetkeys.sty)
(/usr/share/texlive/texmf-dist/tex/generic/kvdefinekeys/kvdefinekeys.sty)
(/usr/share/texlive/texmf-dist/tex/generic/pdfescape/pdfescape.sty
(/usr/share/texlive/texmf-dist/tex/generic/ltxcmds/ltxcmds.sty)
(/usr/share/texlive/texmf-dist/tex/generic/pdftexcmds/pdftexcmds.sty
(/usr/share/texlive/texmf-dist/tex/generic/infwarerr/infwarerr.sty)))
(/usr/share/texlive/texmf-dist/tex/latex/hycolor/hycolor.sty)
(/usr/share/texlive/texmf-dist/tex/latex/hyperref/nameref.sty
(/usr/share/texlive/texmf-dist/tex/latex/refcount/refcount.sty)
(/usr/share/texlive/texmf-dist/tex/generic/gettitlestring/gettitlestring.sty
(/usr/share/texlive/texmf-dist/tex/latex/kvoptions/kvoptions.sty)))
(/usr/share/texlive/texmf-dist/tex/generic/stringenc/stringenc.sty)
(/usr/share/texlive/texmf-dist/tex/latex/hyperref/pd1enc.def)
(/usr/share/texlive/texmf-dist/tex/generic/intcalc/intcalc.sty)
(/usr/share/texlive/texmf-dist/tex/latex/hyperref/puenc.def)
(/usr/share/texlive/texmf-dist/tex/latex/url/url.sty)
(/usr/share/texlive/texmf-dist/tex/generic/bitset/bitset.sty
(/usr/share/texlive/texmf-dist/tex/generic/bigintcalc/bigintcalc.sty))

Package hyperref Message: Stopped early.

) (/usr/share/texlive/texmf-dist/tex/latex/hyperref/hpdftex.def
(/usr/share/texlive/texmf-dist/tex/latex/rerunfilecheck/rerunfilecheck.sty
(/usr/share/texlive/texmf-dist/tex/generic/uniquecounter/uniquecounter.sty)))
(/usr/share/texlive/texmf-dist/tex/latex/beamer/beamerbaserequires.sty
(/usr/share/texlive/texmf-dist/tex/latex/beamer/beamerbasecompatibility.sty)
(/usr/share/texlive/texmf-dist/tex/latex/beamer/beamerbasefont.sty
(/usr/share/texlive/texmf-dist/tex/latex/amsfonts/amssymb.sty
(/usr/share/texlive/texmf-dist/tex/latex/amsfonts/amsfonts.sty))
(/usr/share/texlive/texmf-dist/tex/latex/sansmathaccent/sansmathaccent.sty
(/usr/share/texlive/texmf-dist/tex/latex/koma-script/scrlfile.sty
(/usr/share/texlive/texmf-dist/tex/latex/koma-script/scrlfile-hook.sty
(/usr/share/texlive/texmf-dist/tex/latex/koma-script/scrlogo.sty)))))
(/usr/share/texlive/texmf-dist/tex/latex/beamer/beamerbasetranslator.sty
(/usr/share/texlive/texmf-dist/tex/latex/translator/translator.sty))
(/usr/share/texlive/texmf-dist/tex/latex/beamer/beamerbasemisc.sty)
(/usr/share/texlive/texmf-dist/tex/latex/beamer/beamerbasetwoscreens.sty)
(/usr/share/texlive/texmf-dist/tex/latex/beamer/beamerbaseoverlay.sty)
(/usr/share/texlive/texmf-dist/tex/latex/beamer/beamerbasetitle.sty)
(/usr/share/texlive/texmf-dist/tex/latex/beamer/beamerbasesection.sty)
(/usr/share/texlive/texmf-dist/tex/latex/beamer/beamerbaseframe.sty)
(/usr/share/texlive/texmf-dist/tex/latex/beamer/beamerbaseverbatim.sty)
(/usr/share/texlive/texmf-dist/tex/latex/beamer/beamerbaseframesize.sty)
(/usr/share/texlive/texmf-dist/tex/latex/beamer/beamerbaseframecomponents.sty)
(/usr/share/texlive/texmf-dist/tex/latex/beamer/beamerbasecolor.sty)
(/usr/share/texlive/texmf-dist/tex/latex/beamer/beamerbasenotes.sty)
(/usr/share/texlive/texmf-dist/tex/latex/beamer/beamerbasetoc.sty)
(/usr/share/texlive/texmf-dist/tex/latex/beamer/beamerbasetemplates.sty
(/usr/share/texlive/texmf-dist/tex/latex/beamer/beamerbaseauxtemplates.sty
(/usr/share/texlive/texmf-dist/tex/latex/beamer/beamerbaseboxes.sty)))
(/usr/share/texlive/texmf-dist/tex/latex/beamer/beamerbaselocalstructure.sty
(/usr/share/texlive/texmf-dist/tex/latex/tools/enumerate.sty))
(/usr/share/texlive/texmf-dist/tex/latex/beamer/beamerbasenavigation.sty
(/usr/share/texlive/texmf-dist/tex/latex/beamer/beamerbasenavigationsymbols.tex
)) (/usr/share/texlive/texmf-dist/tex/latex/beamer/beamerbasetheorems.sty
(/usr/share/texlive/texmf-dist/tex/latex/amsmath/amsmath.sty
For additional information on amsmath, use the `?' option.
(/usr/share/texlive/texmf-dist/tex/latex/amsmath/amstext.sty
(/usr/share/texlive/texmf-dist/tex/latex/amsmath/amsgen.sty))
(/usr/share/texlive/texmf-dist/tex/latex/amsmath/amsbsy.sty)
(/usr/share/texlive/texmf-dist/tex/latex/amsmath/amsopn.sty))
(/usr/share/texlive/texmf-dist/tex/latex/amscls/amsthm.sty))
(/usr/share/texlive/texmf-dist/tex/latex/beamer/beamerbasethemes.sty))
(/usr/share/texlive/texmf-dist/tex/latex/beamer/beamerthemedefault.sty
(/usr/share/texlive/texmf-dist/tex/latex/beamer/beamerfontthemedefault.sty)
(/usr/share/texlive/texmf-dist/tex/latex/beamer/beamercolorthemedefault.sty)
(/usr/share/texlive/texmf-dist/tex/latex/beamer/beamerinnerthemedefault.sty)
(/usr/share/texlive/texmf-dist/tex/latex/beamer/beamerouterthemedefault.sty)))
(/usr/share/texlive/texmf-dist/tex/latex/lm/lmodern.sty) (./ujslide.sty
(/usr/share/texlive/texmf-dist/tex/latex/beamer/beamerinnerthemerounded.sty)
(/usr/share/texlive/texmf-dist/tex/latex/beamer/beamerouterthememiniframes.sty)
) (/usr/share/texlive/texmf-dist/tex/latex/adjustbox/adjustbox.sty
(/usr/share/texlive/texmf-dist/tex/latex/xkeyval/xkeyval.sty
(/usr/share/texlive/texmf-dist/tex/generic/xkeyval/xkeyval.tex
(/usr/share/texlive/texmf-dist/tex/generic/xkeyval/xkvutils.tex)))
(/usr/share/texlive/texmf-dist/tex/latex/adjustbox/adjcalc.sty)
(/usr/share/texlive/texmf-dist/tex/latex/adjustbox/trimclip.sty
(/usr/share/texlive/texmf-dist/tex/latex/collectbox/collectbox.sty)
(/usr/share/texlive/texmf-dist/tex/latex/adjustbox/tc-pdftex.def))
(/usr/share/texlive/texmf-dist/tex/latex/ifoddpage/ifoddpage.sty)
(/usr/share/texlive/texmf-dist/tex/latex/varwidth/varwidth.sty)
==> First Aid for varwidth.sty applied!
) (/usr/share/texlive/texmf-dist/tex/latex/graphics/rotating.sty
(/usr/share/texlive/texmf-dist/tex/latex/base/ifthen.sty))
(/usr/share/texlive/texmf-dist/tex/latex/biblatex/biblatex.sty
(/usr/share/texlive/texmf-dist/tex/latex/logreq/logreq.sty
(/usr/share/texlive/texmf-dist/tex/latex/logreq/logreq.def))
(/usr/share/texlive/texmf-dist/tex/latex/biblatex/blx-dm.def)
(/usr/share/texlive/texmf-dist/tex/latex/biblatex/blx-compat.def)
(/usr/share/texlive/texmf-dist/tex/latex/biblatex/biblatex.def)
(/usr/share/texlive/texmf-dist/tex/latex/biblatex/blx-natbib.def)
(/usr/share/texlive/texmf-dist/tex/latex/biblatex/bbx/numeric.bbx
(/usr/share/texlive/texmf-dist/tex/latex/biblatex/bbx/standard.bbx))
(/usr/share/texlive/texmf-dist/tex/latex/biblatex/cbx/numeric.cbx)
(/usr/share/texlive/texmf-dist/tex/latex/biblatex/biblatex.cfg)
(/usr/share/texlive/texmf-dist/tex/latex/l3kernel/expl3.sty
(/usr/share/texlive/texmf-dist/tex/latex/l3backend/l3backend-pdftex.def))
(/usr/share/texlive/texmf-dist/tex/latex/biblatex/blx-case-expl3.sty
(/usr/share/texlive/texmf-dist/tex/latex/l3packages/xparse/xparse.sty)))
(/usr/share/texlive/texmf-dist/tex/latex/booktabs/booktabs.sty)
(/usr/share/texlive/texmf-dist/tex/latex/tools/array.sty

LaTeX Warning: You have requested release `2026/06/01' of LaTeX,
               but only release `2025-11-01' is available.

) (/usr/share/texlive/texmf-dist/tex/latex/colortbl/colortbl.sty)
(/usr/share/texlive/texmf-dist/tex/latex/multirow/multirow.sty)
(/usr/share/texlive/texmf-dist/tex/latex/tools/tabularx.sty)

Package hyperref Warning: Token not allowed in a PDF string (Unicode):
(hyperref)                removing `\\' on input line 31.

(/usr/share/texlive/texmf-dist/tex/latex/lm/ot1lmss.fd) (./presentation.aux)
*geometry* driver: auto-detecting
*geometry* detected driver: pdftex
(/usr/share/texlive/texmf-dist/tex/context/base/mkii/supp-pdf.mkii
[Loading MPS to PDF converter (version 2006.09.02).]
) (/usr/share/texlive/texmf-dist/tex/latex/epstopdf-pkg/epstopdf-base.sty
(/usr/share/texlive/texmf-dist/tex/latex/latexconfig/epstopdf-sys.cfg))
(./presentation.out) (./presentation.out)
(/usr/share/texlive/texmf-dist/tex/latex/translator/translator-basic-dictionary
-English.dict)
(/usr/share/texlive/texmf-dist/tex/latex/translator/translator-bibliography-dic
tionary-English.dict)
(/usr/share/texlive/texmf-dist/tex/latex/translator/translator-environment-dict
ionary-English.dict)
(/usr/share/texlive/texmf-dist/tex/latex/translator/translator-months-dictionar
y-English.dict)
(/usr/share/texlive/texmf-dist/tex/latex/translator/translator-numbers-dictiona
ry-English.dict)
(/usr/share/texlive/texmf-dist/tex/latex/translator/translator-theorem-dictiona
ry-English.dict)
(/usr/share/texlive/texmf-dist/tex/latex/biblatex/lbx/english.lbx)
(./presentation.bbl) (./presentation.nav)
Overfull \hbox (92.7529pt too wide) detected at line 38
  [] [][] [][] [][] [][] [][][][][] [][][][][][][][][] [][][][] [][][][][][][][
][] [][] [][] [][]  

Overfull \hbox (92.7529pt too wide) detected at line 43
  [] [][] [][] [][] [][] [][][][][] [][][][][][][][][] [][][][] [][][][][][][][
][] [][] [][] [][]  

Overfull \hbox (92.7529pt too wide) has occurred while \output is active
  [] [][] [][] [][] [][] [][][][][] [][][][][][][][][] [][][][] [][][][][][][][
][] [][] [][] [][]  
[1{/var/lib/texmf/fonts/map/pdftex/updmap/pdftex.map}{/usr/share/texlive/texmf-
dist/fonts/enc/dvips/lm/lm-rm.enc} <./ujlogo.pdf>]
Overfull \hbox (92.7529pt too wide) detected at line 49
  [] [][] [][] [][] [][] [][][][][] [][][][][][][][][] [][][][] [][][][][][][][
][] [][] [][] [][]  
(./presentation.toc
Overfull \hbox (0.50014pt too wide) detected at line 10
 []\OT1/lmss/m/n/8 10 
)
Overfull \hbox (92.7529pt too wide) has occurred while \output is active
  [] [][] [][] [][] [][] [][][][][] [][][][][][][][][] [][][][] [][][][][][][][
][] [][] [][] [][]  
[2]
Overfull \hbox (92.7529pt too wide) detected at line 60
  [] [][] [][] [][] [][] [][][][][] [][][][][][][][][] [][][][] [][][][][][][][
][] [][] [][] [][]  

Overfull \hbox (92.7529pt too wide) has occurred while \output is active
  [] [][] [][] [][] [][] [][][][][] [][][][][][][][][] [][][][] [][][][][][][][
][] [][] [][] [][]  
[3]
Overfull \hbox (92.7529pt too wide) detected at line 76
  [] [][] [][] [][] [][] [][][][][] [][][][][][][][][] [][][][] [][][][][][][][
][] [][] [][] [][]  

Overfull \hbox (92.7529pt too wide) has occurred while \output is active
  [] [][] [][] [][] [][] [][][][][] [][][][][][][][][] [][][][] [][][][][][][][
][] [][] [][] [][]  
[4]
Overfull \hbox (92.7529pt too wide) detected at line 98
  [] [][] [][] [][] [][] [][][][][] [][][][][][][][][] [][][][] [][][][][][][][
][] [][] [][] [][]  

Overfull \hbox (92.7529pt too wide) has occurred while \output is active
  [] [][] [][] [][] [][] [][][][][] [][][][][][][][][] [][][][] [][][][][][][][
][] [][] [][] [][]  
[5]
Overfull \hbox (92.7529pt too wide) has occurred while \output is active
  [] [][] [][] [][] [][] [][][][][] [][][][][][][][][] [][][][] [][][][][][][][
][] [][] [][] [][]  
[6]
Overfull \hbox (92.7529pt too wide) detected at line 129
  [] [][] [][] [][] [][] [][][][][] [][][][][][][][][] [][][][] [][][][][][][][
][] [][] [][] [][]  
(/usr/share/texlive/texmf-dist/tex/latex/lm/omllmm.fd)
(/usr/share/texlive/texmf-dist/tex/latex/lm/omslmsy.fd)
(/usr/share/texlive/texmf-dist/tex/latex/lm/omxlmex.fd)
(/usr/share/texlive/texmf-dist/tex/latex/amsfonts/umsa.fd)
(/usr/share/texlive/texmf-dist/tex/latex/amsfonts/umsb.fd)
Overfull \hbox (92.7529pt too wide) has occurred while \output is active
  [] [][] [][] [][] [][] [][][][][] [][][][][][][][][] [][][][] [][][][][][][][
][] [][] [][] [][]  
[7{/usr/share/texlive/texmf-dist/fonts/enc/dvips/lm/lm-mathsy.enc}]
Overfull \hbox (92.7529pt too wide) detected at line 146
  [] [][] [][] [][] [][] [][][][][] [][][][][][][][][] [][][][] [][][][][][][][
][] [][] [][] [][]  

Overfull \hbox (92.7529pt too wide) has occurred while \output is active
  [] [][] [][] [][] [][] [][][][][] [][][][][][][][][] [][][][] [][][][][][][][
][] [][] [][] [][]  
[8]
Overfull \hbox (92.7529pt too wide) detected at line 155
  [] [][] [][] [][] [][] [][][][][] [][][][][][][][][] [][][][] [][][][][][][][
][] [][] [][] [][]  

Overfull \hbox (92.7529pt too wide) has occurred while \output is active
  [] [][] [][] [][] [][] [][][][][] [][][][][][][][][] [][][][] [][][][][][][][
][] [][] [][] [][]  
[9 <./img/conceptual_class.pdf.png>]
Overfull \hbox (92.7529pt too wide) detected at line 174
  [] [][] [][] [][] [][] [][][][][] [][][][][][][][][] [][][][] [][][][][][][][
][] [][] [][] [][]  

Underfull \hbox (badness 10000) in paragraph at lines 174--174
[]|\OT1/lmss/m/n/9 UC3: In-ter-pret

Underfull \hbox (badness 10000) in paragraph at lines 174--174
[]|\OT1/lmss/m/n/9 UC5: Com-pare

Underfull \hbox (badness 10000) in paragraph at lines 174--174
\OT1/lmss/m/n/9 model per-for-

Overfull \hbox (92.7529pt too wide) has occurred while \output is active
  [] [][] [][] [][] [][] [][][][][] [][][][][][][][][] [][][][] [][][][][][][][
][] [][] [][] [][]  
[10]
Overfull \hbox (92.7529pt too wide) detected at line 193
  [] [][] [][] [][] [][] [][][][][] [][][][][][][][][] [][][][] [][][][][][][][
][] [][] [][] [][]  

Overfull \hbox (92.7529pt too wide) has occurred while \output is active
  [] [][] [][] [][] [][] [][][][][] [][][][][][][][][] [][][][] [][][][][][][][
][] [][] [][] [][]  
[11]
Overfull \hbox (92.7529pt too wide) detected at line 210
  [] [][] [][] [][] [][] [][][][][] [][][][][][][][][] [][][][] [][][][][][][][
][] [][] [][] [][]  

Overfull \hbox (92.7529pt too wide) has occurred while \output is active
  [] [][] [][] [][] [][] [][][][][] [][][][][][][][][] [][][][] [][][][][][][][
][] [][] [][] [][]  
[12]
Overfull \hbox (92.7529pt too wide) detected at line 226
  [] [][] [][] [][] [][] [][][][][] [][][][][][][][][] [][][][] [][][][][][][][
][] [][] [][] [][]  

Overfull \hbox (92.7529pt too wide) has occurred while \output is active
  [] [][] [][] [][] [][] [][][][][] [][][][][][][][][] [][][][] [][][][][][][][
][] [][] [][] [][]  
[13]
Overfull \hbox (92.7529pt too wide) detected at line 244
  [] [][] [][] [][] [][] [][][][][] [][][][][][][][][] [][][][] [][][][][][][][
][] [][] [][] [][]  

Overfull \hbox (92.7529pt too wide) has occurred while \output is active
  [] [][] [][] [][] [][] [][][][][] [][][][][][][][][] [][][][] [][][][][][][][
][] [][] [][] [][]  
[14]
Overfull \hbox (92.7529pt too wide) detected at line 266
  [] [][] [][] [][] [][] [][][][][] [][][][][][][][][] [][][][] [][][][][][][][
][] [][] [][] [][]  

Overfull \hbox (92.7529pt too wide) has occurred while \output is active
  [] [][] [][] [][] [][] [][][][][] [][][][][][][][][] [][][][] [][][][][][][][
][] [][] [][] [][]  
[15]
Overfull \hbox (92.7529pt too wide) detected at line 286
  [] [][] [][] [][] [][] [][][][][] [][][][][][][][][] [][][][] [][][][][][][][
][] [][] [][] [][]  

Overfull \hbox (92.7529pt too wide) has occurred while \output is active
  [] [][] [][] [][] [][] [][][][][] [][][][][][][][][] [][][][] [][][][][][][][
][] [][] [][] [][]  
[16{/usr/share/texlive/texmf-dist/fonts/enc/dvips/lm/lm-mathit.enc}]
Overfull \hbox (92.7529pt too wide) detected at line 328
  [] [][] [][] [][] [][] [][][][][] [][][][][][][][][] [][][][] [][][][][][][][
][] [][] [][] [][]  

Overfull \vbox (6.60736pt too high) detected at line 328

Overfull \hbox (92.7529pt too wide) has occurred while \output is active
  [] [][] [][] [][] [][] [][][][][] [][][][][][][][][] [][][][] [][][][][][][][
][] [][] [][] [][]  
[17]
Overfull \hbox (92.7529pt too wide) detected at line 358
  [] [][] [][] [][] [][] [][][][][] [][][][][][][][][] [][][][] [][][][][][][][
][] [][] [][] [][]  

Overfull \vbox (10.66972pt too high) detected at line 358

Overfull \hbox (92.7529pt too wide) has occurred while \output is active
  [] [][] [][] [][] [][] [][][][][] [][][][][][][][][] [][][][] [][][][][][][][
][] [][] [][] [][]  
[18]
Overfull \hbox (92.7529pt too wide) detected at line 376
  [] [][] [][] [][] [][] [][][][][] [][][][][][][][][] [][][][] [][][][][][][][
][] [][] [][] [][]  
(/usr/share/texlive/texmf-dist/tex/latex/lm/ot1lmtt.fd)
Overfull \hbox (92.7529pt too wide) has occurred while \output is active
  [] [][] [][] [][] [][] [][][][][] [][][][][][][][][] [][][][] [][][][][][][][
][] [][] [][] [][]  
[19{/usr/share/texlive/texmf-dist/fonts/enc/dvips/lm/lm-rmtt.enc}]
Overfull \hbox (92.7529pt too wide) detected at line 401
  [] [][] [][] [][] [][] [][][][][] [][][][][][][][][] [][][][] [][][][][][][][
][] [][] [][] [][]  

Overfull \hbox (2.49701pt too wide) in paragraph at lines 401--401
[]|[]\OT1/lmss/bx/n/10 Implemented[]| 

Overfull \hbox (2.49701pt too wide) in paragraph at lines 401--401
[]|[]\OT1/lmss/bx/n/10 Implemented[]| 

Overfull \hbox (2.49701pt too wide) in paragraph at lines 401--401
[]|[]\OT1/lmss/bx/n/10 Implemented[]| 

Overfull \hbox (2.49701pt too wide) in paragraph at lines 401--401
[]|[]\OT1/lmss/bx/n/10 Implemented[]| 

Overfull \hbox (2.49701pt too wide) in paragraph at lines 401--401
[]|[]\OT1/lmss/bx/n/10 Implemented[]| 

Overfull \hbox (2.49701pt too wide) in paragraph at lines 401--401
[]|[]\OT1/lmss/bx/n/10 Implemented[]| 

Overfull \hbox (2.49701pt too wide) in paragraph at lines 401--401
[]|[]\OT1/lmss/bx/n/10 Implemented[]| 

Overfull \hbox (2.49701pt too wide) in paragraph at lines 401--401
[]|[]\OT1/lmss/bx/n/10 Implemented[]

Overfull \hbox (2.49701pt too wide) in paragraph at lines 401--401
[]|[]\OT1/lmss/bx/n/10 Implemented[]| 

Overfull \hbox (2.49701pt too wide) in paragraph at lines 401--401
[]|[]\OT1/lmss/bx/n/10 Implemented[]| 

Overfull \hbox (2.49701pt too wide) in paragraph at lines 401--401
[]|[]\OT1/lmss/bx/n/10 Implemented[]| 

Overfull \hbox (2.49701pt too wide) in paragraph at lines 401--401
[]|[]\OT1/lmss/bx/n/10 Implemented[]| 

Overfull \hbox (2.49701pt too wide) in paragraph at lines 401--401
[]|[]\OT1/lmss/bx/n/10 Implemented[]| 

Overfull \hbox (2.49701pt too wide) in paragraph at lines 401--401
[]|[]\OT1/lmss/bx/n/10 Implemented[]| 

Overfull \hbox (2.49701pt too wide) in paragraph at lines 401--401
[]|[]\OT1/lmss/bx/n/10 Implemented[]| 

Overfull \hbox (2.49701pt too wide) in paragraph at lines 401--401
[]|[]\OT1/lmss/bx/n/10 Implemented[]| 

Overfull \hbox (2.49701pt too wide) in paragraph at lines 401--401
[]|[]\OT1/lmss/bx/n/10 Implemented[]| 

Overfull \hbox (92.7529pt too wide) has occurred while \output is active
  [] [][] [][] [][] [][] [][][][][] [][][][][][][][][] [][][][] [][][][][][][][
][] [][] [][] [][]  
[20]
Overfull \hbox (92.7529pt too wide) detected at line 413
  [] [][] [][] [][] [][] [][][][][] [][][][][][][][][] [][][][] [][][][][][][][
][] [][] [][] [][]  

Overfull \hbox (92.7529pt too wide) has occurred while \output is active
  [] [][] [][] [][] [][] [][][][][] [][][][][][][][][] [][][][] [][][][][][][][
][] [][] [][] [][]  
[21]
Overfull \hbox (92.7529pt too wide) detected at line 437
  [] [][] [][] [][] [][] [][][][][] [][][][][][][][][] [][][][] [][][][][][][][
][] [][] [][] [][]  

Overfull \vbox (27.94334pt too high) detected at line 437

Overfull \hbox (92.7529pt too wide) has occurred while \output is active
  [] [][] [][] [][] [][] [][][][][] [][][][][][][][][] [][][][] [][][][][][][][
][] [][] [][] [][]  
[22]
Overfull \vbox (27.94334pt too high) detected at line 437

Overfull \hbox (92.7529pt too wide) has occurred while \output is active
  [] [][] [][] [][] [][] [][][][][] [][][][][][][][][] [][][][] [][][][][][][][
][] [][] [][] [][]  
[23]
Overfull \hbox (92.7529pt too wide) detected at line 454
  [] [][] [][] [][] [][] [][][][][] [][][][][][][][][] [][][][] [][][][][][][][
][] [][] [][] [][]  

Overfull \hbox (92.7529pt too wide) has occurred while \output is active
  [] [][] [][] [][] [][] [][][][][] [][][][][][][][][] [][][][] [][][][][][][][
][] [][] [][] [][]  
[24]
Overfull \hbox (92.7529pt too wide) detected at line 475
  [] [][] [][] [][] [][] [][][][][] [][][][][][][][][] [][][][] [][][][][][][][
][] [][] [][] [][]  

Overfull \hbox (92.7529pt too wide) has occurred while \output is active
  [] [][] [][] [][] [][] [][][][][] [][][][][][][][][] [][][][] [][][][][][][][
][] [][] [][] [][]  
[25]
Overfull \hbox (92.7529pt too wide) detected at line 495
  [] [][] [][] [][] [][] [][][][][] [][][][][][][][][] [][][][] [][][][][][][][
][] [][] [][] [][]  

Overfull \hbox (92.7529pt too wide) has occurred while \output is active
  [] [][] [][] [][] [][] [][][][][] [][][][][][][][][] [][][][] [][][][][][][][
][] [][] [][] [][]  
[26]
Overfull \hbox (92.7529pt too wide) detected at line 510
  [] [][] [][] [][] [][] [][][][][] [][][][][][][][][] [][][][] [][][][][][][][
][] [][] [][] [][]  

Underfull \hbox (badness 10000) in paragraph at lines 510--510
[]|\OT1/lmss/m/n/9 Time con-straints limit

Overfull \hbox (92.7529pt too wide) has occurred while \output is active
  [] [][] [][] [][] [][] [][][][][] [][][][][][][][][] [][][][] [][][][][][][][
][] [][] [][] [][]  
[27]
Overfull \hbox (92.7529pt too wide) detected at line 525
  [] [][] [][] [][] [][] [][][][][] [][][][][][][][][] [][][][] [][][][][][][][
][] [][] [][] [][]  

Overfull \hbox (92.7529pt too wide) has occurred while \output is active
  [] [][] [][] [][] [][] [][][][][] [][][][][][][][][] [][][][] [][][][][][][][
][] [][] [][] [][]  
[28]
Overfull \hbox (92.7529pt too wide) detected at line 536
  [] [][] [][] [][] [][] [][][][][] [][][][][][][][][] [][][][] [][][][][][][][
][] [][] [][] [][]  

Overfull \hbox (92.7529pt too wide) has occurred while \output is active
  [] [][] [][] [][] [][] [][][][][] [][][][][][][][][] [][][][] [][][][][][][][
][] [][] [][] [][]  
[29]
Overfull \hbox (92.7529pt too wide) detected at line 556
  [] [][] [][] [][] [][] [][][][][] [][][][][][][][][] [][][][] [][][][][][][][
][] [][] [][] [][]  

Overfull \vbox (40.59164pt too high) detected at line 556

Overfull \hbox (92.7529pt too wide) has occurred while \output is active
  [] [][] [][] [][] [][] [][][][][] [][][][][][][][][] [][][][] [][][][][][][][
][] [][] [][] [][]  
[30]
Overfull \hbox (92.7529pt too wide) detected at line 577
  [] [][] [][] [][] [][] [][][][][] [][][][][][][][][] [][][][] [][][][][][][][
][] [][] [][] [][]  

Overfull \vbox (6.05031pt too high) detected at line 577

Overfull \hbox (92.7529pt too wide) has occurred while \output is active
  [] [][] [][] [][] [][] [][][][][] [][][][][][][][][] [][][][] [][][][][][][][
][] [][] [][] [][]  
[31]
Overfull \vbox (6.05031pt too high) detected at line 577

Overfull \hbox (92.7529pt too wide) has occurred while \output is active
  [] [][] [][] [][] [][] [][][][][] [][][][][][][][][] [][][][] [][][][][][][][
][] [][] [][] [][]  
[32]
Overfull \hbox (92.7529pt too wide) detected at line 594
  [] [][] [][] [][] [][] [][][][][] [][][][][][][][][] [][][][] [][][][][][][][
][] [][] [][] [][]  

Overfull \hbox (92.7529pt too wide) has occurred while \output is active
  [] [][] [][] [][] [][] [][][][][] [][][][][][][][][] [][][][] [][][][][][][][
][] [][] [][] [][]  
[33]
Overfull \hbox (92.7529pt too wide) detected at line 607
  [] [][] [][] [][] [][] [][][][][] [][][][][][][][][] [][][][] [][][][][][][][
][] [][] [][] [][]  

Overfull \hbox (92.7529pt too wide) has occurred while \output is active
  [] [][] [][] [][] [][] [][][][][] [][][][][][][][][] [][][][] [][][][][][][][
][] [][] [][] [][]  
[34] (./presentation.aux) )
(see the transcript file for additional information)</usr/share/texlive/texmf-d
ist/fonts/type1/public/lm/lmmi10.pfb></usr/share/texlive/texmf-dist/fonts/type1
/public/lm/lmmi9.pfb></usr/share/texlive/texmf-dist/fonts/type1/public/lm/lmss1
0.pfb></usr/share/texlive/texmf-dist/fonts/type1/public/lm/lmss12.pfb></usr/sha
re/texlive/texmf-dist/fonts/type1/public/lm/lmss17.pfb></usr/share/texlive/texm
f-dist/fonts/type1/public/lm/lmss8.pfb></usr/share/texlive/texmf-dist/fonts/typ
e1/public/lm/lmss9.pfb></usr/share/texlive/texmf-dist/fonts/type1/public/lm/lms
sbx10.pfb></usr/share/texlive/texmf-dist/fonts/type1/public/lm/lmsso8.pfb></usr
/share/texlive/texmf-dist/fonts/type1/public/lm/lmsy10.pfb></usr/share/texlive/
texmf-dist/fonts/type1/public/lm/lmsy9.pfb></usr/share/texlive/texmf-dist/fonts
/type1/public/lm/lmtt10.pfb></usr/share/texlive/texmf-dist/fonts/type1/public/l
m/lmtt9.pfb>
Output written on presentation.pdf (34 pages, 996109 bytes).
Transcript written on presentation.log.
